<?xml version="1.0" encoding="UTF-8"?>
<!-- Generated by org.testng.reporters.JUnitReportReporter -->
<testsuite hostname="acer" name="com.servicenow.util.Triggers" tests="1" failures="0" timestamp="23 Jun 2015 19:42:59 GMT" time="291.199" errors="0">
  <testcase name="Main_prg" time="291.199" classname="com.servicenow.util.Triggers"/>
</testsuite> <!-- com.servicenow.util.Triggers -->
